<?xml version="1.0" encoding="UTF-8"?>
<!-- Generated by org.testng.reporters.JUnitReportReporter -->
<testsuite skipped="0" hostname="DESKTOP-QL14I6H" name="ResponseVerification.VerifyResponse" tests="5" failures="0" timestamp="24 Dec 2017 14:10:59 GMT" time="11.668" errors="0">
  <testcase name="verifyResponseStatus" time="5.159" classname="ResponseVerification.VerifyResponse"/>
  <testcase name="verifyResponseHeader" time="1.302" classname="ResponseVerification.VerifyResponse"/>
  <testcase name="validateBodyResponse" time="1.732" classname="ResponseVerification.VerifyResponse"/>
  <testcase name="validateBodyWithLambdaExpression" time="2.139" classname="ResponseVerification.VerifyResponse"/>
  <testcase name="validateTime" time="1.336" classname="ResponseVerification.VerifyResponse"/>
</testsuite> <!-- ResponseVerification.VerifyResponse -->
