<?xml version="1.0" encoding="UTF-8"?>
<!-- Generated by org.testng.reporters.JUnitReportReporter -->
<testsuite skipped="0" hostname="DESKTOP-QL14I6H" name="GetData.PullData" tests="3" failures="0" timestamp="23 Dec 2017 16:56:36 GMT" time="4.442" errors="0">
  <testcase name="responsecode" time="2.718" classname="GetData.PullData"/>
  <testcase name="responseasString" time="1.367" classname="GetData.PullData"/>
  <testcase name="responseAsByteArray" time="0.357" classname="GetData.PullData"/>
</testsuite> <!-- GetData.PullData -->
